<?xml version="1.0" encoding="UTF-8"?>
<testsuite xmlns:xsi="http://www.w3.org/2001/XMLSchema-instance" xsi:schemaLocation="https://maven.apache.org/surefire/maven-surefire-plugin/xsd/surefire-test-report.xsd" name="cucumberOptions.TestRunner" time="119.474" tests="26" errors="0" skipped="2" failures="2">
  <properties>
[...]
</properties>
  <testcase name="Given User on the Home Page of openweathermaps Website" classname="Scenario: Weather Conditions in different cities" time="0.006"/>
  <testcase name="Given User on the Home Page of openweathermaps Website" classname="Scenario: Weather Conditions in different cities" time="0.001"/>
  <testcase name="Given User on the Home Page of openweathermaps Website" classname="Scenario: Weather Conditions in different cities" time="0.001"/>
  <testcase name="When User verify OpenWeather logo is present on openweathermaps Website" classname="Scenario: Weather Conditions in different cities" time="0"/>
  <testcase name="And User Clicks on Weather in your city input search box" classname="Scenario: Weather Conditions in different cities" time="0.001"/>
  <testcase name="And Enter City Name as &quot;Hyderabad&quot;" classname="Scenario: Weather Conditions in different cities" time="0"/>
  <testcase name="And User clicks on search once the City details entered" classname="Scenario: Weather Conditions in different cities" time="0.001"/>
  <testcase name="Then &quot;Hyderabad&quot; City Weather details should get displayed" classname="Scenario: Weather Conditions in different cities" time="0"/>
  <testcase name="And User clicks on Sign in button and Sign in form details should get display" classname="Scenario: Weather Conditions in different cities" time="0"/>
  <testcase name="And User clicks on Sign up button and Sign up details should get display" classname="Scenario: Weather Conditions in different cities" time="0"/>
  <testcase name="And User clicks on Weather button to come on Home Page" classname="Scenario: Weather Conditions in different cities" time="0"/>
  <testcase name="When User clicks on C button displaying on the Top window" classname="Scenario: Weather Conditions in different cities" time="0"/>
  <testcase name="Then &quot;C&quot; temperature gets display for the City" classname="Scenario: Weather Conditions in different cities" time="0.033">
    <failure type="java.lang.AssertionError">java.lang.AssertionError
</failure>
  </testcase>
  <testcase name="Scenario: Weather Conditions in different cities" classname="Scenario: Weather Conditions in different cities" time="0.033">
    <failure type="java.lang.AssertionError">java.lang.AssertionError
</failure>
  </testcase>
  <testcase name="Scenario: Weather Conditions in different cities" classname="Scenario: Weather Conditions in different cities" time="0.001"/>
  <testcase name="Scenario: Weather Conditions in different cities" classname="Scenario: Weather Conditions in different cities" time="0.002"/>
  <testcase name="And if the User clicks on F button displaying on the Top window" classname="Scenario: Weather Conditions in different cities" time="0">
    <skipped/>
  </testcase>
  <testcase name="Then &quot;F&quot; temperature should display for the City" classname="Scenario: Weather Conditions in different cities" time="0">
    <skipped/>
  </testcase>
  <testcase name="When without Name &quot;df6d7f6&quot;" classname="Scenario: Weather Conditions in different cities" time="0"/>
  <testcase name="And USer clicks on search" classname="Scenario: Weather Conditions in different cities" time="0.001"/>
  <testcase name="And USer clicks on search" classname="Scenario: Weather Conditions in different cities" time="0"/>
  <testcase name="Then &quot;Not found&quot; Weather Condition should not get displayed" classname="Scenario: Weather Conditions in different cities" time="0"/>
  <testcase name="And User clicks on Weather to come on Home Page" classname="Scenario: Weather Conditions in different cities" time="0.001"/>
  <testcase name="And User clicks on Weather to come on Home Page" classname="Scenario: Weather Conditions in different cities" time="0"/>
  <testcase name="When User enters the City Name as &quot;Mumbai&quot;" classname="Scenario: Weather Conditions in different cities" time="0.001"/>
  <testcase name="Then &quot;Mumbai&quot; Weather Condition should get displayed" classname="Scenario: Weather Conditions in different cities" time="0"/>
</testsuite>